  Building Custom Rule C:/Users/23die/Projects/CG Projects/OptiX/Novone/support/glfw-3.4/src/CMakeLists.txt
  context.c
  init.c
  input.c
  monitor.c
  platform.c
  vulkan.c
  window.c
  egl_context.c
  osmesa_context.c
  null_init.c
  null_monitor.c
  null_window.c
  null_joystick.c
  win32_module.c
  win32_time.c
  win32_thread.c
  win32_init.c
  win32_joystick.c
  win32_monitor.c
  win32_window.c
  wgl_context.c
     Creating library C:/Users/23die/Projects/CG Projects/OptiX/Novone/build/lib/Debug/glfw3dll.lib and object C:/Users/23die/Projects/CG Projects/OptiX/Novone/build/lib/Debug/glfw3dll.exp
  glfw.vcxproj -> C:\Users\23die\Projects\CG Projects\OptiX\Novone\build\bin\Debug\glfw3.dll
