  Building NVCC optixir file lib/ptx/Release/sutil_generated_camera.cu.optixir
  camera.cu
  camera.cu
  Building NVCC optixir file lib/ptx/Release/sutil_generated_geometry.cu.optixir
  geometry.cu
  geometry.cu
  Building NVCC optixir file lib/ptx/Release/sutil_generated_shading.cu.optixir
  shading.cu
  shading.cu
  Building NVCC optixir file lib/ptx/Release/sutil_generated_sphere.cu.optixir
  sphere.cu
  sphere.cu
  Building NVCC optixir file lib/ptx/Release/sutil_generated_whitted.cu.optixir
  whitted.cu
  whitted.cu
  Building Custom Rule C:/Users/23die/Projects/CG Projects/OptiX/Novone/sutil/CMakeLists.txt
  CMake is re-running because C:/Users/23die/Projects/CG Projects/OptiX/Novone/build/sutil/CMakeFiles/generate.stamp is out-of-date.
    the file 'C:/Users/23die/Projects/CG Projects/OptiX/Novone/build/sutil/CMakeFiles/sutil.dir/__/cuda/sutil_generated_camera.cu.optixir.depend'
    is newer than 'C:/Users/23die/Projects/CG Projects/OptiX/Novone/build/sutil/CMakeFiles/generate.stamp.depend'
    result='-1'
  CMake Warning (dev) at CMakeLists.txt:83 (project):
    cmake_minimum_required() should be called prior to this top-level project()
    call.  Please see the cmake-commands(7) manual for usage documentation of
    both commands.
  This warning is for project developers.  Use -Wno-dev to suppress it.
  
  CMake Warning (dev) at CMakeLists.txt:83 (project):
    Policy CMP0048 is not set: project() command manages VERSION variables.
    Run "cmake --help-policy CMP0048" for policy details.  Use the cmake_policy
    command to set the policy and suppress this warning.
  
    The following variable(s) would be set to empty:
  
      CMAKE_PROJECT_VERSION
      CMAKE_PROJECT_VERSION_MAJOR
      CMAKE_PROJECT_VERSION_MINOR
      CMAKE_PROJECT_VERSION_PATCH
  This warning is for project developers.  Use -Wno-dev to suppress it.
  
  CMake Deprecation Warning at CMakeLists.txt:95 (cmake_policy):
    Compatibility with CMake < 3.5 will be removed from a future version of
    CMake.
  
    Update the VERSION argument <min> value or use a ...<max> suffix to tell
    CMake that the project does not need compatibility with older versions.
  
  
  sutil OPTIXIR
  ptx_files = C:/Users/23die/Projects/CG Projects/OptiX/Novone/build/lib/ptx/Release/sutil_generated_camera.cu.optixir;C:/Users/23die/Projects/CG Projects/OptiX/Novone/build/lib/ptx/Release/sutil_generated_geometry.cu.optixir;C:/Users/23die/Projects/CG Projects/OptiX/Novone/build/lib/ptx/Release/sutil_generated_shading.cu.optixir;C:/Users/23die/Projects/CG Projects/OptiX/Novone/build/lib/ptx/Release/sutil_generated_sphere.cu.optixir;C:/Users/23die/Projects/CG Projects/OptiX/Novone/build/lib/ptx/Release/sutil_generated_whitted.cu.optixir
  -- Including Win32 support
  -- Configuring done (0.2s)
  -- Generating done (0.6s)
  -- Build files have been written to: C:/Users/23die/Projects/CG Projects/OptiX/Novone/build
  Camera.cpp
  GLDisplay.cpp
  PPMLoader.cpp
  Scene.cpp
  sutil.cpp
  Trackball.cpp
     Creating library C:/Users/23die/Projects/CG Projects/OptiX/Novone/build/lib/Debug/sutil_7_sdk.lib and object C:/Users/23die/Projects/CG Projects/OptiX/Novone/build/lib/Debug/sutil_7_sdk.exp
LINK : warning LNK4098: defaultlib 'LIBCMT' conflicts with use of other libs; use /NODEFAULTLIB:library
  sutil_7_sdk.vcxproj -> C:\Users\23die\Projects\CG Projects\OptiX\Novone\build\bin\Debug\sutil_7_sdk.dll
